<?xml version="1.0" encoding="UTF-8"?>
<!-- Generated by org.testng.reporters.JUnitReportReporter -->
<testsuite hostname="LTIN364042" failures="0" tests="10" name="testCases.TC_001_GumTree" time="88.721" errors="0" timestamp="2024-05-13T10:48:59 IST" skipped="0">
  <testcase classname="testCases.TC_001_GumTree" name="login" time="28.926"/>
  <testcase classname="testCases.TC_001_GumTree" name="getCarDetails" time="15.679"/>
  <testcase classname="testCases.TC_001_GumTree" name="adSearch" time="3.267"/>
  <testcase classname="testCases.TC_001_GumTree" name="adDetails" time="7.212"/>
  <testcase classname="testCases.TC_001_GumTree" name="profileVerification" time="7.244"/>
  <testcase classname="testCases.TC_001_GumTree" name="favouriteAds" time="9.023"/>
  <testcase classname="testCases.TC_001_GumTree" name="MyDetails" time="2.132"/>
  <testcase classname="testCases.TC_001_GumTree" name="AboutGumtree" time="5.294"/>
  <testcase classname="testCases.TC_001_GumTree" name="logout" time="4.045"/>
  <testcase classname="testCases.TC_001_GumTree" name="InValidLogin" time="5.899"/>
</testsuite> <!-- testCases.TC_001_GumTree -->
